Start testing: Sep 13 11:23 CST
----------------------------------------------------------
26/169 Testing: t_byte_stream_construction
26/169 Test: t_byte_stream_construction
Command: "/home/pjb/sponge/bulid/tests/byte_stream_construction"
Directory: /home/pjb/sponge/bulid
"t_byte_stream_construction" start time: Sep 13 11:23 CST
Output:
----------------------------------------------------------
<end of output>
Test time =   0.00 sec
----------------------------------------------------------
Test Passed.
"t_byte_stream_construction" end time: Sep 13 11:23 CST
"t_byte_stream_construction" time elapsed: 00:00:00
----------------------------------------------------------

27/169 Testing: t_byte_stream_one_write
27/169 Test: t_byte_stream_one_write
Command: "/home/pjb/sponge/bulid/tests/byte_stream_one_write"
Directory: /home/pjb/sponge/bulid
"t_byte_stream_one_write" start time: Sep 13 11:23 CST
Output:
----------------------------------------------------------
<end of output>
Test time =   0.00 sec
----------------------------------------------------------
Test Passed.
"t_byte_stream_one_write" end time: Sep 13 11:23 CST
"t_byte_stream_one_write" time elapsed: 00:00:00
----------------------------------------------------------

28/169 Testing: t_byte_stream_two_writes
28/169 Test: t_byte_stream_two_writes
Command: "/home/pjb/sponge/bulid/tests/byte_stream_two_writes"
Directory: /home/pjb/sponge/bulid
"t_byte_stream_two_writes" start time: Sep 13 11:23 CST
Output:
----------------------------------------------------------
<end of output>
Test time =   0.00 sec
----------------------------------------------------------
Test Passed.
"t_byte_stream_two_writes" end time: Sep 13 11:23 CST
"t_byte_stream_two_writes" time elapsed: 00:00:00
----------------------------------------------------------

29/169 Testing: t_byte_stream_capacity
29/169 Test: t_byte_stream_capacity
Command: "/home/pjb/sponge/bulid/tests/byte_stream_capacity"
Directory: /home/pjb/sponge/bulid
"t_byte_stream_capacity" start time: Sep 13 11:23 CST
Output:
----------------------------------------------------------
<end of output>
Test time =   0.67 sec
----------------------------------------------------------
Test Passed.
"t_byte_stream_capacity" end time: Sep 13 11:23 CST
"t_byte_stream_capacity" time elapsed: 00:00:00
----------------------------------------------------------

30/169 Testing: t_byte_stream_many_writes
30/169 Test: t_byte_stream_many_writes
Command: "/home/pjb/sponge/bulid/tests/byte_stream_many_writes"
Directory: /home/pjb/sponge/bulid
"t_byte_stream_many_writes" start time: Sep 13 11:23 CST
Output:
----------------------------------------------------------
<end of output>
Test time =   0.01 sec
----------------------------------------------------------
Test Passed.
"t_byte_stream_many_writes" end time: Sep 13 11:23 CST
"t_byte_stream_many_writes" time elapsed: 00:00:00
----------------------------------------------------------

31/169 Testing: t_webget
31/169 Test: t_webget
Command: "/home/pjb/sponge/tests/webget_t.sh"
Directory: /home/pjb/sponge/bulid
"t_webget" start time: Sep 13 11:23 CST
Output:
----------------------------------------------------------
HTTP/1.1 200 OK
Content-type: text/plain

7SmXqWkrLKzVBCEalbSPqBcvs11Pw263K7x4Wv3JckI
<end of output>
Test time =   1.41 sec
----------------------------------------------------------
Test Passed.
"t_webget" end time: Sep 13 11:23 CST
"t_webget" time elapsed: 00:00:01
----------------------------------------------------------

53/169 Testing: t_address_dt
53/169 Test: t_address_dt
Command: "/home/pjb/sponge/bulid/doctests/address_dt"
Directory: /home/pjb/sponge/bulid
"t_address_dt" start time: Sep 13 11:23 CST
Output:
----------------------------------------------------------
<end of output>
Test time =   0.01 sec
----------------------------------------------------------
Test Passed.
"t_address_dt" end time: Sep 13 11:23 CST
"t_address_dt" time elapsed: 00:00:00
----------------------------------------------------------

54/169 Testing: t_parser_dt
54/169 Test: t_parser_dt
Command: "/home/pjb/sponge/bulid/doctests/parser_dt"
Directory: /home/pjb/sponge/bulid
"t_parser_dt" start time: Sep 13 11:23 CST
Output:
----------------------------------------------------------
<end of output>
Test time =   0.00 sec
----------------------------------------------------------
Test Passed.
"t_parser_dt" end time: Sep 13 11:23 CST
"t_parser_dt" time elapsed: 00:00:00
----------------------------------------------------------

55/169 Testing: t_socket_dt
55/169 Test: t_socket_dt
Command: "/home/pjb/sponge/bulid/doctests/socket_dt"
Directory: /home/pjb/sponge/bulid
"t_socket_dt" start time: Sep 13 11:23 CST
Output:
----------------------------------------------------------
<end of output>
Test time =   0.00 sec
----------------------------------------------------------
Test Passed.
"t_socket_dt" end time: Sep 13 11:23 CST
"t_socket_dt" time elapsed: 00:00:00
----------------------------------------------------------

End testing: Sep 13 11:23 CST
